<?xml version="1.0" encoding="UTF-8" ?>
<testsuite tests="17" failures="0" name="edu.uw.cs.FlightServiceTest" time="197.086" errors="0" skipped="0">
  <properties>
    <property name="java.runtime.name" value="Java(TM) SE Runtime Environment"/>
    <property name="java.vm.version" value="11.0.2+9-LTS"/>
    <property name="sun.boot.library.path" value="/Library/Java/JavaVirtualMachines/jdk-11.0.2.jdk/Contents/Home/lib"/>
    <property name="gopherProxySet" value="false"/>
    <property name="maven.multiModuleProjectDirectory" value="/Users/egormaksimenka/desktop/lab2"/>
    <property name="java.vm.vendor" value="Oracle Corporation"/>
    <property name="java.vendor.url" value="http://java.oracle.com/"/>
    <property name="guice.disable.misplaced.annotation.check" value="true"/>
    <property name="path.separator" value=":"/>
    <property name="java.vm.name" value="Java HotSpot(TM) 64-Bit Server VM"/>
    <property name="sun.os.patch.level" value="unknown"/>
    <property name="user.country" value="US"/>
    <property name="sun.java.launcher" value="SUN_STANDARD"/>
    <property name="java.vm.specification.name" value="Java Virtual Machine Specification"/>
    <property name="user.dir" value="/Users/egormaksimenka/Desktop/lab2"/>
    <property name="java.vm.compressedOopsMode" value="Zero based"/>
    <property name="java.runtime.version" value="11.0.2+9-LTS"/>
    <property name="java.awt.graphicsenv" value="sun.awt.CGraphicsEnvironment"/>
    <property name="os.arch" value="x86_64"/>
    <property name="java.io.tmpdir" value="/var/folders/6y/txtc1l1s5l5g3b0v3gql2g0r0000gn/T/"/>
    <property name="line.separator" value="
"/>
    <property name="java.vm.specification.vendor" value="Oracle Corporation"/>
    <property name="os.name" value="Mac OS X"/>
    <property name="classworlds.conf" value="/usr/local/Cellar/maven/3.6.0/libexec/bin/m2.conf"/>
    <property name="sun.jnu.encoding" value="UTF-8"/>
    <property name="java.library.path" value="/Users/egormaksimenka/Library/Java/Extensions:/Library/Java/Extensions:/Network/Library/Java/Extensions:/System/Library/Java/Extensions:/usr/lib/java:."/>
    <property name="maven.conf" value="/usr/local/Cellar/maven/3.6.0/libexec/conf"/>
    <property name="jdk.debug" value="release"/>
    <property name="java.class.version" value="55.0"/>
    <property name="java.specification.name" value="Java Platform API Specification"/>
    <property name="sun.management.compiler" value="HotSpot 64-Bit Tiered Compilers"/>
    <property name="os.version" value="10.14.3"/>
    <property name="library.jansi.path" value="/usr/local/Cellar/maven/3.6.0/libexec/lib/jansi-native"/>
    <property name="http.nonProxyHosts" value="local|*.local|169.254/16|*.169.254/16"/>
    <property name="user.home" value="/Users/egormaksimenka"/>
    <property name="user.timezone" value="America/Los_Angeles"/>
    <property name="java.awt.printerjob" value="sun.lwawt.macosx.CPrinterJob"/>
    <property name="file.encoding" value="US-ASCII"/>
    <property name="java.specification.version" value="11"/>
    <property name="user.name" value="egormaksimenka"/>
    <property name="java.class.path" value="/usr/local/Cellar/maven/3.6.0/libexec/boot/plexus-classworlds-2.5.2.jar"/>
    <property name="java.vm.specification.version" value="11"/>
    <property name="sun.arch.data.model" value="64"/>
    <property name="sun.java.command" value="org.codehaus.plexus.classworlds.launcher.Launcher test"/>
    <property name="java.home" value="/Library/Java/JavaVirtualMachines/jdk-11.0.2.jdk/Contents/Home"/>
    <property name="user.language" value="en"/>
    <property name="java.specification.vendor" value="Oracle Corporation"/>
    <property name="awt.toolkit" value="sun.lwawt.macosx.LWCToolkit"/>
    <property name="java.vm.info" value="mixed mode"/>
    <property name="java.version" value="11.0.2"/>
    <property name="java.vendor" value="Oracle Corporation"/>
    <property name="maven.home" value="/usr/local/Cellar/maven/3.6.0/libexec"/>
    <property name="file.separator" value="/"/>
    <property name="java.version.date" value="2019-01-15"/>
    <property name="java.vendor.url.bug" value="http://bugreport.java.com/bugreport/"/>
    <property name="sun.io.unicode.encoding" value="UnicodeBig"/>
    <property name="sun.cpu.endian" value="little"/>
    <property name="java.vendor.version" value="18.9"/>
    <property name="socksNonProxyHosts" value="local|*.local|169.254/16|*.169.254/16"/>
    <property name="ftp.nonProxyHosts" value="local|*.local|169.254/16|*.169.254/16"/>
    <property name="sun.cpu.isalist" value=""/>
  </properties>
  <testcase classname="edu.uw.cs.FlightServiceTest" name="runTest[0]" time="18.425"/>
  <testcase classname="edu.uw.cs.FlightServiceTest" name="runTest[1]" time="6.75"/>
  <testcase classname="edu.uw.cs.FlightServiceTest" name="runTest[2]" time="22.382"/>
  <testcase classname="edu.uw.cs.FlightServiceTest" name="runTest[3]" time="13.909"/>
  <testcase classname="edu.uw.cs.FlightServiceTest" name="runTest[4]" time="8.296"/>
  <testcase classname="edu.uw.cs.FlightServiceTest" name="runTest[5]" time="10.41"/>
  <testcase classname="edu.uw.cs.FlightServiceTest" name="runTest[6]" time="8.667"/>
  <testcase classname="edu.uw.cs.FlightServiceTest" name="runTest[7]" time="8.824"/>
  <testcase classname="edu.uw.cs.FlightServiceTest" name="runTest[8]" time="10.002"/>
  <testcase classname="edu.uw.cs.FlightServiceTest" name="runTest[9]" time="13.376"/>
  <testcase classname="edu.uw.cs.FlightServiceTest" name="runTest[10]" time="13.157"/>
  <testcase classname="edu.uw.cs.FlightServiceTest" name="runTest[11]" time="10.124"/>
  <testcase classname="edu.uw.cs.FlightServiceTest" name="runTest[12]" time="6.66"/>
  <testcase classname="edu.uw.cs.FlightServiceTest" name="runTest[13]" time="11.821"/>
  <testcase classname="edu.uw.cs.FlightServiceTest" name="runTest[14]" time="10.341"/>
  <testcase classname="edu.uw.cs.FlightServiceTest" name="runTest[15]" time="13.613"/>
  <testcase classname="edu.uw.cs.FlightServiceTest" name="runTest[16]" time="10.329"/>
</testsuite>